-------------------------------------------
Batch: 0
-------------------------------------------
+--------------------+-----+
|            customer|score|
+--------------------+-----+
|Jason.Jones@test.com| -3.0|
|Lyn.Aristotle@tes...|  7.5|
|David.Jones@test.com|-23.5|
|Craig.Aristotle@t...| -5.0|
|  Dan.Olson@test.com| -2.5|
|Jane.Howard@test.com| -2.5|
|Santosh.Aristotle...| -2.0|
|Craig.Jackson@tes...| -3.5|
|Senthil.Anandh@te...| -3.0|
|David.Mitra@test.com| -1.0|
|Senthil.Harris@te...| -3.5|
|Santosh.Phillips@...|-25.0|
|Travis.Ahmed@test...| 14.0|
|David.Fibonnaci@t...|  1.0|
|Christina.Ahmed@t...| -0.5|
| Eric.Olson@test.com|-10.0|
|  Lyn.Olson@test.com|  2.0|
|Ashley.Doshi@test...|  5.5|
|Senthil.Doshi@tes...|-23.5|
|Frank.Abram@test.com|-11.0|
+--------------------+-----+
only showing top 20 rows

-------------------------------------------
Batch: 1
-------------------------------------------
+--------------------+-----+
|            customer|score|
+--------------------+-----+
|John.Hansen@test.com| -2.5|
|Jane.Staples@test...| -3.0|
|Bobby.Lincoln@tes...| -4.5|
|Trevor.Fibonnaci@...| -4.5|
|Jason.Habschied@t...| 16.5|
|Suresh.Doshi@test...| -2.0|
|Trevor.Jackson@te...|-14.5|
|Chris.Gonzalez@te...| 19.5|
|Travis.Abram@test...| -6.0|
|Jane.Jackson@test...| -9.5|
+--------------------+-----+

-------------------------------------------
Batch: 2
-------------------------------------------
+--------------------+-----+
|            customer|score|
+--------------------+-----+
|Lyn.Spencer@test.com| -3.5|
+--------------------+-----+

-------------------------------------------
Batch: 3
-------------------------------------------
+--------------------+-----+
|            customer|score|
+--------------------+-----+
|Frank.Jackson@tes...| 17.0|
+--------------------+-----+

-------------------------------------------
Batch: 4
-------------------------------------------
+-------------------+-----+
|           customer|score|
+-------------------+-----+
|Gail.Abram@test.com|-14.0|
+-------------------+-----+

-------------------------------------------
Batch: 5
-------------------------------------------
+--------------------+-----+
|            customer|score|
+--------------------+-----+
|Ashley.Doshi@test...|-21.5|
+--------------------+-----+

-------------------------------------------
Batch: 6
-------------------------------------------
+--------------------+-----+
|            customer|score|
+--------------------+-----+
|Senthil.Doshi@tes...| -9.5|
+--------------------+-----+

-------------------------------------------
Batch: 7
-------------------------------------------
+--------------------+-----+
|            customer|score|
+--------------------+-----+
|Frank.Abram@test.com| 23.5|
+--------------------+-----+

-------------------------------------------
Batch: 8
-------------------------------------------
+--------------------+-----+
|            customer|score|
+--------------------+-----+
|David.Gonzalez@te...|-15.5|
+--------------------+-----+

